Arguments: 
  /usr/bin/node /usr/share/yarn/bin/yarn.js add --dev jest babel-jest @babel/preset-env @babel/preset-react react-test-renderer

PATH: 
  /usr/local/sbin:/usr/local/bin:/usr/sbin:/usr/bin:/sbin:/bin:/usr/games:/usr/local/games:/snap/bin

Yarn version: 
  1.19.0

Node version: 
  10.16.3

Platform: 
  linux x64

Trace: 
  Error: EACCES: permission denied, mkdir '/home/shea/Desktop/webdev/Projects/cleanAirMap/node_modules/@babel/core/node_modules/debug'

npm manifest: 
  {
    "name": "cleanairmap",
    "version": "0.1.0",
    "private": true,
    "dependencies": {
      "enzyme": "^3.10.0",
      "enzyme-adapter-react-16": "^1.14.0",
      "leaflet": "^1.5.1",
      "react": "^16.9.0",
      "react-dom": "^16.9.0",
      "react-leaflet": "^2.4.0",
      "react-scripts": "3.1.1",
      "reactstrap": "^8.0.1"
    },
    "scripts": {
      "start": "react-scripts start",
      "build": "react-scripts build",
      "test": "react-scripts test",
      "eject": "react-scripts eject"
    },
    "eslintConfig": {
      "extends": "react-app"
    },
    "browserslist": {
      "production": [
        ">0.2%",
        "not dead",
        "not op_mini all"
      ],
      "development": [
        "last 1 chrome version",
        "last 1 firefox version",
        "last 1 safari version"
      ]
    },
    "devDependencies": {
      "@types/jest": "^24.0.18",
      "react-test-renderer": "^16.10.1"
    }
  }

yarn manifest: 
  No manifest

Lockfile: 
  No lockfile
